<?xml version="1.0" encoding="UTF-8"?>
<testng-results ignored="0" total="1" passed="1" failed="0" skipped="0">
  <reporter-output>
  </reporter-output>
  <suite started-at="2023-06-24T18:51:39 CDT" name="com.ms.testng.LoginTest" finished-at="2023-06-24T18:51:48 CDT" duration-ms="9406">
    <groups>
    </groups>
    <test started-at="2023-06-24T18:51:39 CDT" name="Command line test" finished-at="2023-06-24T18:51:48 CDT" duration-ms="9406">
      <class name="com.ms.testng.LoginTest">
        <test-method is-config="true" signature="beforeMethod()[pri:0, instance:com.ms.testng.LoginTest@22555ebf]" started-at="2023-06-24T18:51:39 CDT" name="beforeMethod" finished-at="2023-06-24T18:51:48 CDT" duration-ms="8769" status="PASS">
          <reporter-output>
          </reporter-output>
        </test-method> <!-- beforeMethod -->
        <test-method signature="f()[pri:0, instance:com.ms.testng.LoginTest@22555ebf]" started-at="2023-06-24T18:51:48 CDT" name="f" finished-at="2023-06-24T18:51:48 CDT" duration-ms="3" status="PASS">
          <reporter-output>
          </reporter-output>
        </test-method> <!-- f -->
        <test-method is-config="true" signature="afterMethod()[pri:0, instance:com.ms.testng.LoginTest@22555ebf]" started-at="2023-06-24T18:51:48 CDT" name="afterMethod" finished-at="2023-06-24T18:51:48 CDT" duration-ms="511" status="PASS">
          <reporter-output>
          </reporter-output>
        </test-method> <!-- afterMethod -->
      </class> <!-- com.ms.testng.LoginTest -->
    </test> <!-- Command line test -->
  </suite> <!-- com.ms.testng.LoginTest -->
</testng-results>
